Build started 05/10/2018 15:58:19.
     1>Project "E:\Taufi_5170411279\std pert3\std pert3\std pert3.vcxproj" on node 2 (build target(s)).
     1>InitializeBuildStatus:
         Creating "Debug\std pert3 17.unsuccessfulbuild" because "AlwaysCreate" was specified.
       ClCompile:
         All outputs are up-to-date.
       ManifestResourceCompile:
         C:\Program Files\Microsoft SDKs\Windows\v7.0A\bin\rc.exe /nologo /fo"Debug\std pert3 17.exe.embed.manifest.res" "Debug\std pert3 17_manifest.rc" 
       Link:
         C:\Program Files\Microsoft Visual Studio 10.0\VC\bin\link.exe /ERRORREPORT:PROMPT /OUT:"E:\Taufi_5170411279\std pert3\Debug\std pert3 17.exe" /INCREMENTAL /NOLOGO kernel32.lib user32.lib gdi32.lib winspool.lib comdlg32.lib advapi32.lib shell32.lib ole32.lib oleaut32.lib uuid.lib odbc32.lib odbccp32.lib /MANIFEST /ManifestFile:"Debug\std pert3 17.exe.intermediate.manifest" /MANIFESTUAC:"level='asInvoker' uiAccess='false'" /DEBUG /PDB:"E:\Taufi_5170411279\std pert3\Debug\std pert3 17.pdb" /SUBSYSTEM:CONSOLE /TLBID:1 /DYNAMICBASE /NXCOMPAT /IMPLIB:"E:\Taufi_5170411279\std pert3\Debug\std pert3 17.lib" /MACHINE:X86 "Debug\std pert3 17.exe.embed.manifest.res"
         Debug\main.obj
       Manifest:
         C:\Program Files\Microsoft SDKs\Windows\v7.0A\bin\mt.exe /nologo /verbose /out:"Debug\std pert3 17.exe.embed.manifest" /manifest "Debug\std pert3 17.exe.intermediate.manifest"
         C:\Program Files\Microsoft SDKs\Windows\v7.0A\bin\rc.exe /nologo /fo"Debug\std pert3 17.exe.embed.manifest.res" "Debug\std pert3 17_manifest.rc" 
       LinkEmbedManifest:
         C:\Program Files\Microsoft Visual Studio 10.0\VC\bin\link.exe /ERRORREPORT:PROMPT /OUT:"E:\Taufi_5170411279\std pert3\Debug\std pert3 17.exe" /INCREMENTAL /NOLOGO kernel32.lib user32.lib gdi32.lib winspool.lib comdlg32.lib advapi32.lib shell32.lib ole32.lib oleaut32.lib uuid.lib odbc32.lib odbccp32.lib /MANIFEST /ManifestFile:"Debug\std pert3 17.exe.intermediate.manifest" /MANIFESTUAC:"level='asInvoker' uiAccess='false'" /DEBUG /PDB:"E:\Taufi_5170411279\std pert3\Debug\std pert3 17.pdb" /SUBSYSTEM:CONSOLE /TLBID:1 /DYNAMICBASE /NXCOMPAT /IMPLIB:"E:\Taufi_5170411279\std pert3\Debug\std pert3 17.lib" /MACHINE:X86 "Debug\std pert3 17.exe.embed.manifest.res"
         Debug\main.obj
         std pert3.vcxproj -> E:\Taufi_5170411279\std pert3\Debug\std pert3 17.exe
       FinalizeBuildStatus:
         Deleting file "Debug\std pert3 17.unsuccessfulbuild".
         Touching "Debug\std pert3 17.lastbuildstate".
     1>Done Building Project "E:\Taufi_5170411279\std pert3\std pert3\std pert3.vcxproj" (build target(s)).

Build succeeded.

Time Elapsed 00:00:00.98
